<?xml version="1.0" encoding="UTF-8"?>
<!-- Generated by org.testng.reporters.JUnitReportReporter -->
<testsuite hostname="jeevansx-mobl" failures="0" tests="2" name="test.HomePageTest" time="8.334" errors="0" timestamp="2025-04-13T15:14:51 IST" skipped="0">
  <testcase classname="test.HomePageTest" name="testLoginButtonVisibleAndClickable" time="3.866"/>
  <testcase classname="test.HomePageTest" name="testSignUpButtonVisibleAndClickable" time="4.468"/>
</testsuite> <!-- test.HomePageTest -->
